1536060032628	geckodriver	INFO	geckodriver 0.21.0
1536060032628	geckodriver	INFO	Listening on 127.0.0.1:63670
1536060035722	mozrunner::runner	INFO	Running command: "C:\\Program Files\\Mozilla Firefox\\firefox.exe" "-marionette" "-foreground" "-no-remote" "-profile" "C:\\Users\\AKANKS~1\\AppData\\Local\\Temp\\rust_mozprofile.WpS2kJr0ZbPa"
Unable to read VR Path Registry from C:\Users\Akanksha Agrawal\AppData\Local\openvr\openvrpaths.vrpath
Unable to read VR Path Registry from C:\Users\Akanksha Agrawal\AppData\Local\openvr\openvrpaths.vrpath
Unable to read VR Path Registry from C:\Users\Akanksha Agrawal\AppData\Local\openvr\openvrpaths.vrpath
Unable to read VR Path Registry from C:\Users\Akanksha Agrawal\AppData\Local\openvr\openvrpaths.vrpath
Unable to read VR Path Registry from C:\Users\Akanksha Agrawal\AppData\Local\openvr\openvrpaths.vrpath
1536060039127	Marionette	INFO	Listening on port 63682
1536060039668	Marionette	WARN	TLS certificate errors will be ignored for this session
[Child 4860, Chrome_ChildThread] WARNING: pipe error: 109: file z:/build/build/src/ipc/chromium/src/chrome/com1536060126408	mozrunner::runner	INFO	Running command: "C:\\Program Files\\Mozilla Firefox\\firefox.exe" "-marionette" "-foreground" "-no-remote" "-profile" "C:\\Users\\AKANKS~1\\AppData\\Local\\Temp\\rust_mozprofile.WWzqzEVOSth1"
Unable to read VR Path Registry from C:\Users\Akanksha Agrawal\AppData\Local\openvr\openvrpaths.vrpath
Unable to read VR Path Registry from C:\Users\Akanksha Agrawal\AppData\Local\openvr\openvrpaths.vrpath
Unable to read VR Path Registry from C:\Users\Akanksha Agrawal\AppData\Local\openvr\openvrpaths.vrpath
Unable to read VR Path Registry from C:\Users\Akanksha Agrawal\AppData\Local\openvr\openvrpaths.vrpath
Unable to read VR Path Registry from C:\Users\Akanksha Agrawal\AppData\Local\openvr\openvrpaths.vrpath
1536060130412	Marionette	INFO	Listening on port 63877
1536060130851	Marionette	WARN	TLS certificate errors will be ignored for this session
[Parent 11780, Gecko_IOThread] WARNING: pipe error: 109: file z:/build/build/src/ipc/chromium/src/chrome/common/ipc_channel_win.cc, line 346
[Parent 11780, Gecko_IOThread] WARNING: pipe error: 109: file z:/build/build/src/ipc/chromium/src/chrome/common/ipc_channel_win.cc, line 346
[Child 11788, Chrome_ChildThread] WARNING: pipe error: 109: file z:/build/build/src/ipc/chromium/src/chrome/common/ipc_channel_win.cc, line 346
[Child 1[G
###!!! [Child][MessageChannel::SendAndWait] Error: Channel error: cannot send/recv

1536060205613	geckodriver	INFO	geckodriver 0.21.0
1536060205613	geckodriver	INFO	Listening on 127.0.0.1:64059
1536060208710	mozrunner::runner	INFO	Running command: "C:\\Program Files\\Mozilla Firefox\\firefox.exe" "-marionette" "-foreground" "-no-remote" "-profile" "C:\\Users\\AKANKS~1\\AppData\\Local\\Temp\\rust_mozprofile.iiVww0KtBk3j"
Unable to read VR Path Registry from C:\Users\Akanksha Agrawal\AppData\Local\openvr\openvrpaths.vrpath
Unable to read VR Path Registry from C:\Users\Akanksha Agrawal\AppData\Local\openvr\openvrpaths.vrpath
Unable to read VR Path Registry from C:\Users\Akanksha Agrawal\AppData\Local\openvr\openvrpaths.vrpath
Unable to read VR Path Registry from C:\Users\Akanksha Agrawal\AppData\Local\openvr\openvrpaths.vrpath
Unable to read VR Path Registry from C:\Users\Akanksha Agrawal\AppData\Local\openvr\openvrpaths.vrpath
1536060212026	Marionette	INFO	Listening on port 64071
1536060212100	Marionette	WARN	TLS certificate errors will be ignored for this session
[Parent 11528, Gecko_IOThread] WARNING: pipe error: 109: file z:/build/build/src/ipc/chromium/src/chrome/common/ipc_channel_win.cc, line 346
[Parent 11528, Gecko_IOThread] WARNING: pipe error: 109: file z:/build/build/src/ipc/chromium/src/chrome/common/ipc_channel_win.cc, line 346
[Child 1928, Chrome_ChildThread] WARNING: pipe error: 109: file z:/build/build/src/ipc/chromium/src/ch[Child 11732, Chrome_ChildThread] WARNING:rome/common/ipc_chan pipe error: 109: filnel_win.cc, line 346
e z:/build/build/src/ipc/chromium/src/chrome/common/ipc_channel_win.cc, line 346
[Child 1[Parent 11528, Gecko_IOThread] WARNING: pipe error: 109: file z:/build/build/src/ipc/chromium/src/chrome/common/ipc_channel_win.cc, line 346
[Child 12064, Chrome_ChildThread] WARNING: pipe error: 109: file z:/build/build/src/ipc/chromium/src/chrome/common/ipc_channel_win.cc, line 346
[Child 12
###!!! [Child][MessageChannel::SendAndWait] Error: Channel error: cannot send/recv

rs will be ignored for this session
[Child 11372, Chrome_ChildThread] WARNING: pipe error: 109: file z:/build/build/src/ipc/chromium/src/chrome/common/ipc_channel_win.cc, line 346
[Child 6960, Chrome_ChildThread] WARNING: pipe error: 109: file z:/build/build/src/ipc/chromium/src/chrome/common/ipc_channel_win.cc, line 346
[Child 6[Parent 8280, Gecko_IOThread] WARNING: pipe error: 109: file z:/build/build/src/ipc/chromium/src/chrome/common/ipc_channel_win.cc, line 346
[Child 11784, Chrome_ChildThread] WARNING: pipe error: 109: file z:/build/build/src/ipc/chromium/src/chrome/common/ipc_channel_win.cc, line 346
[Child 1[GPU 
###!!! [Child][MessageChannel::SendAndWait] Error: Channel error: cannot send/recv

from C:\Users\Akanksha Agrawal\AppData\Local\openvr\openvrpaths.vrpath
Unable to read VR Path Registry from C:\Users\Akanksha Agrawal\AppData\Local\openvr\openvrpaths.vrpath
1536060297174	Marionette	INFO	Listening on port 64317
1536060297731	Marionette	WARN	TLS certificate errors will be ignored for this session
[Parent 11388, Gecko_IOThread] WARNING: pipe error: 109: file z:/build/build/src/ipc/chromium/src/chrome/common/ipc_channel_win.cc, line 346
[Parent 11388, Gecko_IOThread] WARNING: pipe error: 109: file z:/build/build/src/ipc/chromium/src/chrome/common/ipc_channel_win.cc, line 346
[Parent 11388, Gecko_IOThread] WARNING: pipe error: 109: file z:/build/build/src/ipc/chromium/src/chrome/common/ipc_channel_win.cc, line 346

###!!! [Child][MessageChannel::SendAndWait] Error: Channel error: cannot send/recv

\Local\openvr\openvrpaths.vrpath
Unable to read VR Path Registry from C:\Users\Akanksha Agrawal\AppData\Local\openvr\openvrpaths.vrpath
Unable to read VR Path Registry from C:\Users\Akanksha Agrawal\AppData\Local\openvr\openvrpaths.vrpath
Unable to read VR Path Registry from C:\Users\Akanksha Agrawal\AppData\Local\openvr\openvrpaths.vrpath
1536060407876	Marionette	INFO	Listening on port 64552
1536060408309	Marionette	WARN	TLS certificate errors will be ignored for this session
[Parent 12752, Gecko_IOThread] WARNING: pipe error: 109: file z:/build/build/src/ipc/chromium/src/chrome/common/ipc_channel_win.cc, line 346
[Parent 12752, Gecko_IOThread] WARNING: pipe error: 109: file z:/build/build/src/ipc/chromium/src/chrome/common/ipc_channel_win.cc, line 346
[Child 12372, Chrome_ChildThread] WARNING: pipe error: 109: file z:/build/build/src/ipc/chr[Child 13136, Chromeomium/_ChildThread] WARNING: pipesrc/chrome/common/ipc_channel_win. error: 109: file z:/build/build/src/ipc/chromium/src/chrome/common/ipc_channel_win.cc, line 346
cc, line 346[
[Child 12372, C[Parent 12752, Gecko_IOThread] WARNING: pipe error: 109: file z:/build/build/src/ipc/chromium/src/chrome/common/ipc_channel_win.cc, line 346
*** UTM:SVC TimerManager:registerTimer called after profile-before-change notification. Ignoring timer registration for id: telemetry_modules_ping
[GP
###!!! [Child][MessageChannel::SendAndWait] Error: Channel error: cannot send/recv

1536060434418	geckodriver	INFO	geckodriver 0.21.0
1536060434434	geckodriver	INFO	Listening on 127.0.0.1:64655
1536060437527	mozrunner::runner	INFO	Running command: "C:\\Program Files\\Mozilla Firefox\\firefox.exe" "-marionette" "-foreground" "-no-remote" "-profile" "C:\\Users\\AKANKS~1\\AppData\\Local\\Temp\\rust_mozprofile.M5zanERiBTyP"
Unable to read VR Path Registry from C:\Users\Akanksha Agrawal\AppData\Local\openvr\openvrpaths.vrpath
Unable to read VR Path Registry from C:\Users\Akanksha Agrawal\AppData\Local\openvr\openvrpaths.vrpath
Unable to read VR Path Registry from C:\Users\Akanksha Agrawal\AppData\Local\openvr\openvrpaths.vrpath
Unable to read VR Path Registry from C:\Users\Akanksha Agrawal\AppData\Local\openvr\openvrpaths.vrpath
Unable to read VR Path Registry from C:\Users\Akanksha Agrawal\AppData\Local\openvr\openvrpaths.vrpath
1536060440675	Marionette	INFO	Listening on port 64667
1536060440891	Marionette	WARN	TLS certificate errors will be ignored for this session
[Parent 13968, Gecko_IOThread] WARNING: pipe error: 109: file z:/build/build/src/ipc/chromium/src/chrome/common/ipc_channel_win.cc, line 346
[Child 13264, Chrome_ChildThread] WARNING: pipe error: 109: file z:/build/build/src/ipc/chromium/src/chrome/common/ipc_channel_win.cc, line 346
[Child 13264, Chrome_Chil[Parent 13968, Gecko_IOThread] WARNING: pipe error: 109: file z:/build/build/src/ipc/chromium/src/chrome/common/ipc_channel_win.cc, line 346
*** UTM:SVC TimerManager:registerTimer called after profile-before-change notification. Ignoring timer registration for id: telemetry_modules_ping
[GP
###!!! [Child][MessageChannel::SendAndWait] Error: Channel error: cannot send/recv

1536062460121	geckodriver	INFO	geckodriver 0.21.0
1536062460137	geckodriver	INFO	Listening on 127.0.0.1:51212
1536062463236	mozrunner::runner	INFO	Running command: "C:\\Program Files\\Mozilla Firefox\\firefox.exe" "-marionette" "-foreground" "-no-remote" "-profile" "C:\\Users\\AKANKS~1\\AppData\\Local\\Temp\\rust_mozprofile.Guhg4xl2Yj9N"
Unable to read VR Path Registry from C:\Users\Akanksha Agrawal\AppData\Local\openvr\openvrpaths.vrpath
Unable to read VR Path Registry from C:\Users\Akanksha Agrawal\AppData\Local\openvr\openvrpaths.vrpath
Unable to read VR Path Registry from C:\Users\Akanksha Agrawal\AppData\Local\openvr\openvrpaths.vrpath
Unable to read VR Path Registry from C:\Users\Akanksha Agrawal\AppData\Local\openvr\openvrpaths.vrpath
Unable to read VR Path Registry from C:\Users\Akanksha Agrawal\AppData\Local\openvr\openvrpaths.vrpath
1536062466341	Marionette	INFO	Listening on port 51226
1536062466522	Marionette	WARN	TLS certificate errors will be ignored for this session
[Child 4808, Chrome_ChildThread] WARNING: pipe error: 109: file z:/build/build/src/ipc/chromium/src/chrome/common/ipc_channel_win.cc, line 346
[Child 4808, Chrome_ChildThread] WARNING: pipe error: 109: file z:/build/build/src/ipc/chromium/src/[Parent 2540, Gecko_IOThread] WARNING: pipe error: 109: file z:/build/build/src/ipc/chromium/src/chrome/common/ipc_channel_win.cc, line 346
[Child 4872, Chrome_ChildThread] WARNING: pipe error: 109: file z:/build/build/src/ipc/chromium/src/chrome/common/ipc_channel_win.cc, line 346
[Child 4872, Chrome_Child*** UTM:SVC TimerManager:registerTimer called after profile-before-change notification. Ignoring timer registration for id: telemetry_modules_ping

###!!! [Child][MessageChannel::SendAndWait] Error: Channel error: cannot send/recv

1536062602084	geckodriver	INFO	geckodriver 0.21.0
1536062602100	geckodriver	INFO	Listening on 127.0.0.1:51528
1536062605173	mozrunner::runner	INFO	Running command: "C:\\Program Files\\Mozilla Firefox\\firefox.exe" "-marionette" "-foreground" "-no-remote" "-profile" "C:\\Users\\AKANKS~1\\AppData\\Local\\Temp\\rust_mozprofile.N4QZz1K6Vw1T"
Unable to read VR Path Registry from C:\Users\Akanksha Agrawal\AppData\Local\openvr\openvrpaths.vrpath
Unable to read VR Path Registry from C:\Users\Akanksha Agrawal\AppData\Local\openvr\openvrpaths.vrpath
Unable to read VR Path Registry from C:\Users\Akanksha Agrawal\AppData\Local\openvr\openvrpaths.vrpath
Unable to read VR Path Registry from C:\Users\Akanksha Agrawal\AppData\Local\openvr\openvrpaths.vrpath
Unable to read VR Path Registry from C:\Users\Akanksha Agrawal\AppData\Local\openvr\openvrpaths.vrpath
1536062608583	Marionette	INFO	Listening on port 51540
1536062609434	Marionette	WARN	TLS certificate errors will be ignored for this session
[Parent 3656, Gecko_IOThread] WARNING: pipe error: 109: file z:/build/build/src/ipc/chromium/src/chrome/common/ipc_channel_win.cc, line 346
[Parent 3656, Gecko_IOThread] WARNING: pipe error: 109: file z:/build/build/src/ipc/chromium/src/chrome/common/ipc_channel_win.cc, line 346
[Child 11092, Chrome_ChildThread] WARNING: pipe error: 109: file z:/build/build/src/ipc/chromium/src/chrome/common/ipc_channe[Child 1l_win.cc, line 346
1876, Chrome_ChildThread] WARNING: pipe error: 109: file z:/build/build/src/ipc/chromium/src/chrome/common/ipc_channel_win.cc, line 346
[Child 11[Parent 3656, Gecko_IOThread] WARNING: pipe error: 109: file z:/build/build/src/ipc/chromium/src/chrome/common/ipc_channel_win.cc, line 346
*** UTM:SVC TimerManager:registerTimer called after profile-before-change notification. Ignoring timer registration for id: telemetry_modules_ping

###!!! [Child][MessageChannel::SendAndWait] Error: Channel error: cannot send/recv

1536063801028	geckodriver	INFO	geckodriver 0.21.0
1536063801037	geckodriver	INFO	Listening on 127.0.0.1:53312
1536063804103	mozrunner::runner	INFO	Running command: "C:\\Program Files\\Mozilla Firefox\\firefox.exe" "-marionette" "-foreground" "-no-remote" "-profile" "C:\\Users\\AKANKS~1\\AppData\\Local\\Temp\\rust_mozprofile.PjhRnTyOZ54F"
Unable to read VR Path Registry from C:\Users\Akanksha Agrawal\AppData\Local\openvr\openvrpaths.vrpath
Unable to read VR Path Registry from C:\Users\Akanksha Agrawal\AppData\Local\openvr\openvrpaths.vrpath
Unable to read VR Path Registry from C:\Users\Akanksha Agrawal\AppData\Local\openvr\openvrpaths.vrpath
Unable to read VR Path Registry from C:\Users\Akanksha Agrawal\AppData\Local\openvr\openvrpaths.vrpath
Unable to read VR Path Registry from C:\Users\Akanksha Agrawal\AppData\Local\openvr\openvrpaths.vrpath
1536063807522	Marionette	INFO	Listening on port 53325
1536063807925	Marionette	WARN	TLS certificate errors will be ignored for this session
[Child 13928, Chrome_ChildThread] WARNING: pipe error: 109: file z:/build/build/src/ipc/chromium/src/chrome/common/ipc_channel_win.cc, line 346
[Child 13928, Chrome_ChildThread] WARNING: pipe err[Parent 6524, Gecko_IOThread] WARNING: pipe error: 109: file z:/build/build/src/ipc/chromium/src/chrome/common/ipc_channel_win.cc, line 346
[Child 13136, Chrome_ChildThread] WARNING: pipe error: 109: file z:/build/build/src/ipc/chromium/src/chrome/common/ipc_channel_win.cc, line 346
[Child 13136, Chrome_ChildThread] WARNING: pipe error: 109: file z:/build/build/src/ipc/
###!!! [Child][MessageChannel::SendAndWait] Error: Channel error: cannot send/recv

 to read VR Path Registry from C:\Users\Akanksha Agrawal\AppData\Local\openvr\openvrpaths.vrpath
Unable to read VR Path Registry from C:\Users\Akanksha Agrawal\AppData\Local\openvr\openvrpaths.vrpath
1536063847836	Marionette	INFO	Listening on port 53433
1536063848147	Marionette	WARN	TLS certificate errors will be ignored for this session
[Parent 8740, Gecko_IOThread] WARNING: pipe error: 109: file z:/build/build/src/ipc/chromium/src/chrome/common/ipc_channel_win.cc, line 346
[Child 5760, Chrome_ChildThread] WARNING: pipe error: 109: file z:/build/build/src/ipc/chromium/src/chrome/common/ipc_channel_win.cc, line 346
[Child 5760, Chrome_ChildThread] WARNING: pipe erro[Child 11004, Chrome_ChildThread] WARNING: pipe error: 109: file z:/build/build/src/ipc/chromium/src/chrome/common/ipc_channel_win.cc, line 346
[Parent 8740, Gecko_IOThread] WARNING: pipe error: 109: file z:/build/build/src/ipc/chromium/src/chrome/common/ipc_channel_win.cc, line 346
[Child 13668, Chrome_ChildThread] WARNING: pipe error: 109: file z:/build/build/src/ipc/chromium/src/chrome/common/ipc_channel_win.cc, line 346
[Child 13668, C[GPU 141
###!!! [Child][MessageChannel::SendAndWait] Error: Channel error: cannot send/recv

1536063962820	geckodriver	INFO	geckodriver 0.21.0
1536063962829	geckodriver	INFO	Listening on 127.0.0.1:53664
1536063965908	mozrunner::runner	INFO	Running command: "C:\\Program Files\\Mozilla Firefox\\firefox.exe" "-marionette" "-foreground" "-no-remote" "-profile" "C:\\Users\\AKANKS~1\\AppData\\Local\\Temp\\rust_mozprofile.0zjsQSwpfEzH"
Unable to read VR Path Registry from C:\Users\Akanksha Agrawal\AppData\Local\openvr\openvrpaths.vrpath
Unable to read VR Path Registry from C:\Users\Akanksha Agrawal\AppData\Local\openvr\openvrpaths.vrpath
Unable to read VR Path Registry from C:\Users\Akanksha Agrawal\AppData\Local\openvr\openvrpaths.vrpath
Unable to read VR Path Registry from C:\Users\Akanksha Agrawal\AppData\Local\openvr\openvrpaths.vrpath
Unable to read VR Path Registry from C:\Users\Akanksha Agrawal\AppData\Local\openvr\openvrpaths.vrpath
1536063968981	Marionette	INFO	Listening on port 53676
1536063969124	Marionette	WARN	TLS certificate errors will be ignored for this session
[Child 9624, Chrome_ChildThread] WARNING: pipe error: 109: file z:/build/build/src/ipc/chromium/src/chrome/common/ipc_channel_win.cc, line 346[
Child 5364, Chrome_ChildThread] WARNING: pipe error: 109: file z:/build/build/src/ipc/chromium/src/chrome/common/ipc_channel_win.cc, line 346
[Child[Parent 4616, Gecko_IOThread] WARNING: pipe error: 109: file z:/build/build/src/ipc/chromium/src/chrome/common/ipc_channel_win.cc, line 346
[Child 3668, Chrome_ChildThread] WARNING: pipe error: 109: file z:/build/build/src/ipc/chromium/src/chrome/common/ipc_channel_win.cc, line 346
[Child*** UTM:SVC TimerManager:registerTimer called after profile-before-change notification. Ignoring timer registration for id: telemetry_modules_ping
[GPU 
###!!! [Child][MessageChannel::SendAndWait] Error: Channel error: cannot send/recv

1536064069652	geckodriver	INFO	geckodriver 0.21.0
1536064069652	geckodriver	INFO	Listening on 127.0.0.1:53868
1536064072732	mozrunner::runner	INFO	Running command: "C:\\Program Files\\Mozilla Firefox\\firefox.exe" "-marionette" "-foreground" "-no-remote" "-profile" "C:\\Users\\AKANKS~1\\AppData\\Local\\Temp\\rust_mozprofile.1304MvEvHolD"
Unable to read VR Path Registry from C:\Users\Akanksha Agrawal\AppData\Local\openvr\openvrpaths.vrpath
Unable to read VR Path Registry from C:\Users\Akanksha Agrawal\AppData\Local\openvr\openvrpaths.vrpath
Unable to read VR Path Registry from C:\Users\Akanksha Agrawal\AppData\Local\openvr\openvrpaths.vrpath
Unable to read VR Path Registry from C:\Users\Akanksha Agrawal\AppData\Local\openvr\openvrpaths.vrpath
Unable to read VR Path Registry from C:\Users\Akanksha Agrawal\AppData\Local\openvr\openvrpaths.vrpath
1536064075783	Marionette	INFO	Listening on port 53881
1536064076022	Marionette	WARN	TLS certificate errors will be ignored for this session
[Parent 12192, Gecko_IOThread] WARNING: pipe error: 109: file z:/build/build/src/ipc/chromium/src/chrome/common/ipc_channel_win.cc, line 346
[Parent 12192, Gecko_IOThread] WARNING: pipe error: 109: file z:/build/build/src/ipc/chromium/src/chrome/common/ipc_channel_win.cc, line 346
[Child 12812, Chrome_ChildThread] WARNING: pipe error: 109: file z:/build/build/src/ipc/chromium/src/chrome/common/ipc_channel_win.cc, line 346
[Child 128[Child 13520, Chrome_ChildThread] WARNING: pipe error: 109: file z:/build/build/src/ipc/chromium/src/chrome/common/ipc_channel_win.cc, line 346
[Child[Parent 12192, Gecko_IOThread] WARNING: pipe error: 109: file z:/build/build/src/ipc/chromium/src/chrome/common/ipc_channel_win.cc, line 346
[Child 13036, Chrome_ChildThread] WARNING: pipe error: 109: file z:/build/build/src/ipc/chromium/src/chrome/common/ipc_channel_win.cc, line 346
[Child 1303*** UTM:SVC TimerManager:registerTimer called after profile-before-change notification. Ignoring timer registration for id: telemetry_modules_ping
[GPU
###!!! [Child][MessageChannel::SendAndWait] Error: Channel error: cannot send/recv

1536064156950	geckodriver	INFO	geckodriver 0.21.0
1536064156950	geckodriver	INFO	Listening on 127.0.0.1:54044
1536064160043	mozrunner::runner	INFO	Running command: "C:\\Program Files\\Mozilla Firefox\\firefox.exe" "-marionette" "-foreground" "-no-remote" "-profile" "C:\\Users\\AKANKS~1\\AppData\\Local\\Temp\\rust_mozprofile.1jEd4hnxaO9q"
Unable to read VR Path Registry from C:\Users\Akanksha Agrawal\AppData\Local\openvr\openvrpaths.vrpath
Unable to read VR Path Registry from C:\Users\Akanksha Agrawal\AppData\Local\openvr\openvrpaths.vrpath
Unable to read VR Path Registry from C:\Users\Akanksha Agrawal\AppData\Local\openvr\openvrpaths.vrpath
Unable to read VR Path Registry from C:\Users\Akanksha Agrawal\AppData\Local\openvr\openvrpaths.vrpath
Unable to read VR Path Registry from C:\Users\Akanksha Agrawal\AppData\Local\openvr\openvrpaths.vrpath
1536064163216	Marionette	INFO	Listening on port 54057
1536064163330	Marionette	WARN	TLS certificate errors will be ignored for this session
IPDL protocol error: Handler returned error code!

###!!! [Parent][DispatchAsyncMessage] Error: PAPZCTreeManager::Msg_SetTargetAPZC Processing error: message was deserialized, but the handler returned false (indicating failure)

[Child 3384, Chrome_ChildThread] WARNING: pipe error: 109: file z:/build/build/src/ipc/chromium/src/chrome/common/ipc_channel_win.cc, line 346
[Child 3384, Chrome_ChildThread] WARNING: pipe error: 109: file z:/build/build/src/ipc/chromium/src/chrome/common/ipc_channel_win.cc, line 346
[Child 8616, Chrome_ChildThread] WARNING: pipe error: 109: file z:/build/build/src/ipc/chromium/src/chrome/common/ipc_channel_win.cc, line 346
[Child 8616, Chrome_ChildThread][Parent 3740, Gecko_IOThread] WARNING: pipe error: 109: file z:/build/build/src/ipc/chromium/src/chrome/common/ipc_channel_win.cc, line 346
[Child 11808, Chrome_ChildThread] WARNING: pipe error: 109: file z:/build/build/src/ipc/chromium/src/chrome/common/ipc_channel_win.cc, line 346
[Child 11808, Chro[GP
###!!! [Child][MessageChannel::SendAndWait] Error: Channel error: cannot send/recv

1536065364435	geckodriver	INFO	geckodriver 0.21.0
1536065364435	geckodriver	INFO	Listening on 127.0.0.1:55832
1536065367514	mozrunner::runner	INFO	Running command: "C:\\Program Files\\Mozilla Firefox\\firefox.exe" "-marionette" "-foreground" "-no-remote" "-profile" "C:\\Users\\AKANKS~1\\AppData\\Local\\Temp\\rust_mozprofile.yOBKiNxOwcWx"
Unable to read VR Path Registry from C:\Users\Akanksha Agrawal\AppData\Local\openvr\openvrpaths.vrpath
Unable to read VR Path Registry from C:\Users\Akanksha Agrawal\AppData\Local\openvr\openvrpaths.vrpath
Unable to read VR Path Registry from C:\Users\Akanksha Agrawal\AppData\Local\openvr\openvrpaths.vrpath
Unable to read VR Path Registry from C:\Users\Akanksha Agrawal\AppData\Local\openvr\openvrpaths.vrpath
Unable to read VR Path Registry from C:\Users\Akanksha Agrawal\AppData\Local\openvr\openvrpaths.vrpath
1536065370747	Marionette	INFO	Listening on port 55844
1536065370912	Marionette	WARN	TLS certificate errors will be ignored for this session
[Parent 14308, Gecko_IOThread] WARNING: pipe error: 109: file z:/build/build/src/ipc/chromium/src/chrome/commo1536065400373	mozrunner::runner	INFO	Running command: "C:\\Program Files\\Mozilla Firefox\\firefox.exe" "-marionette" "-foreground" "-no-remote" "-profile" "C:\\Users\\AKANKS~1\\AppData\\Local\\Temp\\rust_mozprofile.GT6b3tw19OsL"
Unable to read VR Path Registry from C:\Users\Akanksha Agrawal\AppData\Local\openvr\openvrpaths.vrpath
Unable to read VR Path Registry from C:\Users\Akanksha Agrawal\AppData\Local\openvr\openvrpaths.vrpath
Unable to read VR Path Registry from C:\Users\Akanksha Agrawal\AppData\Local\openvr\openvrpaths.vrpath
Unable to read VR Path Registry from C:\Users\Akanksha Agrawal\AppData\Local\openvr\openvrpaths.vrpath
Unable to read VR Path Registry from C:\Users\Akanksha Agrawal\AppData\Local\openvr\openvrpaths.vrpath
1536065403906	Marionette	INFO	Listening on port 55942
1536065404269	Marionette	WARN	TLS certificate errors will be ignored for this session
[Parent 8124, Gecko_IOThread] WARNING: pipe error: 109: file z:/build/build/src/ipc/chromium/src/chrome/common/ipc_channel_win.cc, line 346
[Parent 8124, Gecko_IOThread] WARNING: pipe error: 109: file z:/build/build/src/ipc/chromium/src/chrome/common/ipc_channel_win.cc, line 346
[Child 11868, Chrome_ChildThread] WARNING: pipe error: 109: file z:/build/build/src/ipc/chromium/src/chrome/common/ipc_channel_win.cc, line 346
[Child 11868, Chrome_ChildThread[Parent 8124, Gecko_IOThread] WARNING: pipe error: 109: file z:/build/build/src/ipc/chromium/src/chrome/common/ipc_channel_win.cc, line 346
[Child 11568, Chrome_ChildThread] WARNING: pipe error: 109: file z:/build/build/src/ipc/chromium/src/chrome/common/ipc_channel_win.cc, line 346
[Child[GP
###!!! [Child][MessageChannel::SendAndWait] Error: Channel error: cannot send/recv

